<?xml version="1.0" encoding="UTF-8"?>
<!-- Generated by org.testng.reporters.JUnitXMLReporter -->
<testsuite ignored="0" hostname="DESKTOP-KI2D8VP" failures="0" tests="2" name="Regression Tests execution over Chrome   Browser" time="47.353" errors="0" timestamp="2024-07-16T12:02:22 IST">
  <testcase classname="com.rajesh.assignment.amazon.AmazonTest" name="ValidateDropDownSuggestion" time="6.195"/>
  <testcase classname="com.rajesh.assignment.amazon.AmazonTest" name="VerifyQuickLook" time="26.455"/>
</testsuite> <!-- Regression Tests execution over Chrome   Browser -->
