<?xml version="1.0" encoding="UTF-8"?>
<testng-results ignored="0" total="2" passed="2" failed="0" skipped="0">
  <reporter-output>
  </reporter-output>
  <suite started-at="2024-07-16T12:01:34 IST" name="Automation Test Suite" finished-at="2024-07-16T12:02:22 IST" duration-ms="47353">
    <groups>
    </groups>
    <test started-at="2024-07-16T12:01:34 IST" name="Regression Tests execution over Chrome   Browser" finished-at="2024-07-16T12:02:22 IST" duration-ms="47353">
      <class name="com.rajesh.assignment.amazon.AmazonTest">
        <test-method is-config="true" signature="startDriver(java.lang.String)[pri:0, instance:com.rajesh.assignment.amazon.AmazonTest@7bba5817]" started-at="2024-07-16T12:01:34 IST" name="startDriver" finished-at="2024-07-16T12:01:43 IST" duration-ms="8490" status="PASS">
          <params>
            <param index="0">
              <value>
                <![CDATA[CHROME]]>
              </value>
            </param>
          </params>
          <reporter-output>
          </reporter-output>
        </test-method> <!-- startDriver -->
        <test-method signature="ValidateDropDownSuggestion()[pri:0, instance:com.rajesh.assignment.amazon.AmazonTest@7bba5817]" started-at="2024-07-16T12:01:43 IST" name="ValidateDropDownSuggestion" finished-at="2024-07-16T12:01:49 IST" duration-ms="6195" status="PASS">
          <reporter-output>
          </reporter-output>
        </test-method> <!-- ValidateDropDownSuggestion -->
        <test-method is-config="true" signature="quitDriver(java.lang.String,org.testng.ITestResult)[pri:0, instance:com.rajesh.assignment.amazon.AmazonTest@7bba5817]" started-at="2024-07-16T12:01:50 IST" name="quitDriver" finished-at="2024-07-16T12:01:51 IST" duration-ms="1028" status="PASS">
          <params>
            <param index="0">
              <value>
                <![CDATA[CHROME]]>
              </value>
            </param>
            <param index="1">
              <value>
                <![CDATA[[TestResult name=ValidateDropDownSuggestion status=SUCCESS method=AmazonTest.ValidateDropDownSuggestion()[pri:0, instance:com.rajesh.assignment.amazon.AmazonTest@7bba5817] output={null}]]]>
              </value>
            </param>
          </params>
          <reporter-output>
          </reporter-output>
        </test-method> <!-- quitDriver -->
        <test-method is-config="true" signature="startDriver(java.lang.String)[pri:0, instance:com.rajesh.assignment.amazon.AmazonTest@7bba5817]" started-at="2024-07-16T12:01:51 IST" name="startDriver" finished-at="2024-07-16T12:01:53 IST" duration-ms="1907" status="PASS">
          <params>
            <param index="0">
              <value>
                <![CDATA[CHROME]]>
              </value>
            </param>
          </params>
          <reporter-output>
          </reporter-output>
        </test-method> <!-- startDriver -->
        <test-method signature="VerifyQuickLook()[pri:0, instance:com.rajesh.assignment.amazon.AmazonTest@7bba5817]" started-at="2024-07-16T12:01:53 IST" name="VerifyQuickLook" finished-at="2024-07-16T12:02:19 IST" duration-ms="26455" status="PASS">
          <reporter-output>
          </reporter-output>
        </test-method> <!-- VerifyQuickLook -->
        <test-method is-config="true" signature="quitDriver(java.lang.String,org.testng.ITestResult)[pri:0, instance:com.rajesh.assignment.amazon.AmazonTest@7bba5817]" started-at="2024-07-16T12:02:19 IST" name="quitDriver" finished-at="2024-07-16T12:02:22 IST" duration-ms="2191" status="PASS">
          <params>
            <param index="0">
              <value>
                <![CDATA[CHROME]]>
              </value>
            </param>
            <param index="1">
              <value>
                <![CDATA[[TestResult name=VerifyQuickLook status=SUCCESS method=AmazonTest.VerifyQuickLook()[pri:0, instance:com.rajesh.assignment.amazon.AmazonTest@7bba5817] output={null}]]]>
              </value>
            </param>
          </params>
          <reporter-output>
          </reporter-output>
        </test-method> <!-- quitDriver -->
      </class> <!-- com.rajesh.assignment.amazon.AmazonTest -->
    </test> <!-- Regression Tests execution over Chrome   Browser -->
  </suite> <!-- Automation Test Suite -->
</testng-results>
